This is pdfTeX, Version 3.141592653-2.6-1.40.24 (MiKTeX 22.1) (preloaded format=pdflatex 2025.5.10)  29 OCT 2025 15:31
entering extended mode
 restricted \write18 enabled.
 %&-line parsing enabled.
**./refman.tex
(refman.tex
LaTeX2e <2024-11-01> patch level 2
L3 programming layer <2025-04-14>

(/Users/riccardogiovannirosso/Library/Application Support/MiKTeX/texmfs/install
/tex/generic/iftex/iftex.sty
Package: iftex 2024/12/12 v1.0g TeX engine tests
)
(/Users/riccardogiovannirosso/Library/Application Support/MiKTeX/texmfs/install
/tex/latex/base/book.cls
Document Class: book 2024/06/29 v1.4n Standard LaTeX document class

(/Users/riccardogiovannirosso/Library/Application Support/MiKTeX/texmfs/install
/tex/latex/base/bk10.clo
File: bk10.clo 2024/06/29 v1.4n Standard LaTeX file (size option)
)
\c@part=\count272
\c@chapter=\count273
\c@section=\count274
\c@subsection=\count275
\c@subsubsection=\count276
\c@paragraph=\count277
\c@subparagraph=\count278
\c@figure=\count279
\c@table=\count280
\abovecaptionskip=\skip49
\belowcaptionskip=\skip50
\bibindent=\dimen146
)
(/Users/riccardogiovannirosso/Library/Application Support/MiKTeX/texmfs/install
/tex/generic/infwarerr/infwarerr.sty
package info suppressed
) (doxygen.sty
Package: doxygen 

(/Users/riccardogiovannirosso/Library/Application Support/MiKTeX/texmfs/install
/tex/latex/base/alltt.sty
Package: alltt 2024/07/07 v2.0g defines alltt environment
)
(/Users/riccardogiovannirosso/Library/Application Support/MiKTeX/texmfs/install
/tex/latex/tools/array.sty
Package: array 2024/10/17 v2.6g Tabular extension package (FMi)
\col@sep=\dimen147
\ar@mcellbox=\box53
\extrarowheight=\dimen148
\NC@list=\toks17
\extratabsurround=\skip51
\backup@length=\skip52
\ar@cellbox=\box54
)
(/Users/riccardogiovannirosso/Library/Application Support/MiKTeX/texmfs/install
/tex/latex/tools/calc.sty
Package: calc 2023/07/08 v4.3 Infix arithmetic (KKT,FJ)
\calc@Acount=\count281
\calc@Bcount=\count282
\calc@Adimen=\dimen149
\calc@Bdimen=\dimen150
\calc@Askip=\skip53
\calc@Bskip=\skip54
LaTeX Info: Redefining \setlength on input line 80.
LaTeX Info: Redefining \addtolength on input line 81.
\calc@Ccount=\count283
\calc@Cskip=\skip55
)
(/Users/riccardogiovannirosso/Library/Application Support/MiKTeX/texmfs/install
/tex/latex/float/float.sty
Package: float 2001/11/08 v1.3d Float enhancements (AL)
\c@float@type=\count284
\float@exts=\toks18
\float@box=\box55
\@float@everytoks=\toks19
\@floatcapt=\box56
)
(/Users/riccardogiovannirosso/Library/Application Support/MiKTeX/texmfs/install
/tex/latex/base/ifthen.sty
Package: ifthen 2024/03/16 v1.1e Standard LaTeX ifthen package (DPC)
)
(/Users/riccardogiovannirosso/Library/Application Support/MiKTeX/texmfs/install
/tex/latex/tools/verbatim.sty
Package: verbatim 2024-01-22 v1.5x LaTeX2e package for verbatim enhancements
\every@verbatim=\toks20
\verbatim@line=\toks21
\verbatim@in@stream=\read2
)
(/Users/riccardogiovannirosso/Library/Application Support/MiKTeX/texmfs/install
/tex/latex/varwidth/varwidth.sty
Package: varwidth 2009/03/30 ver 0.92;  Variable-width minipages
\@vwid@box=\box57
\sift@deathcycles=\count285
\@vwid@loff=\dimen151
\@vwid@roff=\dimen152
)
(/Users/riccardogiovannirosso/Library/Application Support/MiKTeX/texmfs/install
/tex/latex/xcolor/xcolor.sty
Package: xcolor 2024/09/29 v3.02 LaTeX color extensions (UK)

(/Users/riccardogiovannirosso/Library/Application Support/MiKTeX/texmfs/install
/tex/latex/graphics-cfg/color.cfg
File: color.cfg 2016/01/02 v1.6 sample color configuration
)
Package xcolor Info: Driver file: pdftex.def on input line 274.

(/Users/riccardogiovannirosso/Library/Application Support/MiKTeX/texmfs/install
/tex/latex/graphics-def/pdftex.def
File: pdftex.def 2024/04/13 v1.2c Graphics/color driver for pdftex
)
(/Users/riccardogiovannirosso/Library/Application Support/MiKTeX/texmfs/install
/tex/latex/graphics/mathcolor.ltx)
Package xcolor Info: Model `cmy' substituted by `cmy0' on input line 1349.
Package xcolor Info: Model `hsb' substituted by `rgb' on input line 1353.
Package xcolor Info: Model `RGB' extended on input line 1365.
Package xcolor Info: Model `HTML' substituted by `rgb' on input line 1367.
Package xcolor Info: Model `Hsb' substituted by `hsb' on input line 1368.
Package xcolor Info: Model `tHsb' substituted by `hsb' on input line 1369.
Package xcolor Info: Model `HSB' substituted by `hsb' on input line 1370.
Package xcolor Info: Model `Gray' substituted by `gray' on input line 1371.
Package xcolor Info: Model `wave' substituted by `hsb' on input line 1372.
)
(/Users/riccardogiovannirosso/Library/Application Support/MiKTeX/texmfs/install
/tex/latex/colortbl/colortbl.sty
Package: colortbl 2024/07/06 v1.0i Color table columns (DPC)
\everycr=\toks22
\minrowclearance=\skip56
\rownum=\count286
)
(/Users/riccardogiovannirosso/Library/Application Support/MiKTeX/texmfs/install
/tex/latex/tools/longtable.sty
Package: longtable 2024-10-27 v4.22 Multi-page Table package (DPC)
\LTleft=\skip57
\LTright=\skip58
\LTpre=\skip59
\LTpost=\skip60
\LTchunksize=\count287
\LTcapwidth=\dimen153
\LT@head=\box58
\LT@firsthead=\box59
\LT@foot=\box60
\LT@lastfoot=\box61
\LT@gbox=\box62
\LT@cols=\count288
\LT@rows=\count289
\c@LT@tables=\count290
\c@LT@chunks=\count291
\LT@p@ftn=\toks23
)
(/Users/riccardogiovannirosso/Library/Application Support/MiKTeX/texmfs/install
/tex/latex/xltabular/xltabular.sty
Package: xltabular 2025/02/28 v0.2i `xltabular' package (hv,RN)

(/Users/riccardogiovannirosso/Library/Application Support/MiKTeX/texmfs/install
/tex/latex/tools/tabularx.sty
Package: tabularx 2023/12/11 v2.12a `tabularx' package (DPC)
\TX@col@width=\dimen154
\TX@old@table=\dimen155
\TX@old@col=\dimen156
\TX@target=\dimen157
\TX@delta=\dimen158
\TX@cols=\count292
\TX@ftn=\toks24
)
(/Users/riccardogiovannirosso/Library/Application Support/MiKTeX/texmfs/install
/tex/latex/etoolbox/etoolbox.sty
Package: etoolbox 2025/02/11 v2.5l e-TeX tools for LaTeX (JAW)
\etb@tempcnta=\count293
)
(/Users/riccardogiovannirosso/Library/Application Support/MiKTeX/texmfs/install
/tex/latex/ltablex/ltablex.sty
Package: ltablex 2014/08/13 v1.1 Modified tabularx
))
(/Users/riccardogiovannirosso/Library/Application Support/MiKTeX/texmfs/install
/tex/latex/tabularray/tabularray.sty
Package: tabularray 2025-08-29 v2025B Typeset tabulars and arrays with LaTeX3

(/Users/riccardogiovannirosso/Library/Application Support/MiKTeX/texmfs/install
/tex/latex/ninecolors/ninecolors.sty
Package: ninecolors 2022-02-13 v2022D Select colors with proper color contrast

(/Users/riccardogiovannirosso/Library/Application Support/MiKTeX/texmfs/install
/tex/latex/l3packages/xparse/xparse.sty
(/Users/riccardogiovannirosso/Library/Application Support/MiKTeX/texmfs/install
/tex/latex/l3kernel/expl3.sty
Package: expl3 2025-04-14 L3 programming layer (loader) 

(/Users/riccardogiovannirosso/Library/Application Support/MiKTeX/texmfs/install
/tex/latex/l3backend/l3backend-pdftex.def
File: l3backend-pdftex.def 2025-04-14 L3 backend support: PDF output (pdfTeX)
\l__color_backend_stack_int=\count294
))
Package: xparse 2024-08-16 L3 Experimental document command parser
))
\l__tblr_a_int=\count295
\l__tblr_c_int=\count296
\l__tblr_r_int=\count297
\l__tblr_d_dim=\dimen159
\l__tblr_h_dim=\dimen160
\l__tblr_o_dim=\dimen161
\l__tblr_p_dim=\dimen162
\l__tblr_q_dim=\dimen163
\l__tblr_r_dim=\dimen164
\l__tblr_s_dim=\dimen165
\l__tblr_t_dim=\dimen166
\l__tblr_v_dim=\dimen167
\l__tblr_w_dim=\dimen168
\l__tblr_a_box=\box63
\l__tblr_b_box=\box64
\l__tblr_c_box=\box65
\l__tblr_d_box=\box66
\c@tblrcount=\count298
\c@colnum=\count299
\c@rowcount=\count300
\c@colcount=\count301
\abovesep=\dimen169
\belowsep=\dimen170
\leftsep=\dimen171
\rightsep=\dimen172
\gTblrLevelInt=\count302
\g__tblr_data_row_key_count_int=\count303
\g__tblr_data_column_key_count_int=\count304
\g__tblr_data_cell_key_count_int=\count305
\g__tblr_array_int=\count306
\l__tblr_key_count_int=\count307
\l__tblr_key_quotient_int=\count308
\l__tblr_key_quotient_two_int=\count309
\l__tblr_key_remainder_int=\count310
\g__tblr_data_str_value_count_int=\count311
\lTblrChildTotalInt=\count312
\lTblrChildHtotalInt=\count313
\lTblrChildVtotalInt=\count314
\l__child_diff_h_int=\count315
\l__child_diff_v_int=\count316
\l__child_sign_h_int=\count317
\l__child_sign_v_int=\count318
\l__child_step_int=\count319
\lTblrDefaultHruleWidthDim=\dimen173
\lTblrDefaultVruleWidthDim=\dimen174
\l__tblr_split_balance_int=\count320
\l__tblr_strut_dp_dim=\dimen175
\l__tblr_strut_ht_dim=\dimen176
\g__tblr_cell_wd_dim=\dimen177
\g__tblr_cell_ht_dim=\dimen178
\g__tblr_cell_head_dim=\dimen179
\g__tblr_cell_foot_dim=\dimen180
\l__tblr_measured_cell_box=\box67
\g__tblr_last_box=\box68
\l__tblr_temp_box=\box69
\l__tblr_column_target_dim=\dimen181
\l__tblr_hfuzz_dim=\dimen182
\l__tblr_caption_box=\box70
\l__tblr_caption_left_box=\box71
\lTblrRowHeadInt=\count321
\lTblrRowFootInt=\count322
\l__tblr_row_head_box=\box72
\l__tblr_row_foot_box=\box73
\l__tblr_row_head_foot_dim=\dimen183
\lTblrTableWidthDim=\dimen184
\l__tblr_table_firsthead_box=\box74
\l__tblr_table_middlehead_box=\box75
\l__tblr_table_lasthead_box=\box76
\l__tblr_table_firstfoot_box=\box77
\l__tblr_table_middlefoot_box=\box78
\l__tblr_table_lastfoot_box=\box79
\l__tblr_remain_height_dim=\dimen185
\l__tblr_long_from_int=\count323
\l__tblr_long_to_int=\count324
\l__tblr_curr_i_int=\count325
\l__tblr_prev_i_int=\count326
\lTblrTablePageInt=\count327
\l__tblr_table_head_box=\box80
\l__tblr_table_foot_box=\box81
\l__tblr_table_head_foot_dim=\dimen186
\l__tblr_table_head_body_foot_dim=\dimen187
\l__tblr_table_box=\box82
\lTblrRowFirstInt=\count328
\lTblrRowLastInt=\count329
\l__tblr_table_hlines_box=\box83
\l__tblr_hline_box=\box84
\l__tblr_row_box=\box85
\l__tblr_col_o_wd_dim=\dimen188
\l__tblr_col_b_wd_dim=\dimen189
\l__tblr_hline_leftskip_dim=\dimen190
\l__tblr_hline_rightskip_dim=\dimen191
\l__tblr_row_ht_dim=\dimen192
\l__tblr_row_dp_dim=\dimen193
\l__tblr_row_abovesep_dim=\dimen194
\l__tblr_row_belowsep_dim=\dimen195
\l__tblr_row_vlines_box=\box86
\l__tblr_vline_box=\box87
\l__tblr_cell_box=\box88
\l__tblr_row_upper_dim=\dimen196
\l__tblr_row_lower_dim=\dimen197
\l__tblr_row_vpace_dim=\dimen198
\l__tblr_vline_aboveskip_dim=\dimen199
\l__tblr_vline_belowskip_dim=\dimen256
\lTblrCellRowSpanInt=\count330
\lTblrCellColSpanInt=\count331
\l__tblr_cell_wd_dim=\dimen257
\l__tblr_cell_ht_dim=\dimen258
\lTblrCellAboveBorderWidthDim=\dimen259
\lTblrCellBelowBorderWidthDim=\dimen260
\lTblrCellLeftBorderWidthDim=\dimen261
\lTblrCellRightBorderWidthDim=\dimen262
\l__tblr_diag_box=\box89
\l__tblr_cell_inner_wd_dim=\dimen263
\l__tblr_cell_inner_dp_dim=\dimen264
\l__tblr_cell_hanchor_dim=\dimen265
\l__tblr_last_cell_table_ht_dim=\dimen266
\l__tblr_last_cell_table_dp_dim=\dimen267
\l__tblr_last_vline_wd_dim=\dimen268
\l__tblr_tikz_node_box=\box90
)
\g__doxy_nohyper_int=\count332

(/Users/riccardogiovannirosso/Library/Application Support/MiKTeX/texmfs/install
/tex/latex/fancyvrb/fancyvrb.sty
Package: fancyvrb 2025/07/28 4.6 verbatim text (tvz,hv)

(/Users/riccardogiovannirosso/Library/Application Support/MiKTeX/texmfs/install
/tex/latex/graphics/keyval.sty
Package: keyval 2022/05/29 v1.15 key=value parser (DPC)
\KV@toks@=\toks25
)
\FV@CodeLineNo=\count333
\FV@InFile=\read3
\FV@TabBox=\box91
\c@FancyVerbLine=\count334
\FV@StepNumber=\count335
\FV@OutFile=\write3
)
(/Users/riccardogiovannirosso/Library/Application Support/MiKTeX/texmfs/install
/tex/latex/tools/multicol.sty
Package: multicol 2024/09/14 v1.9i multicolumn formatting (FMi)
\c@tracingmulticols=\count336
\mult@box=\box92
\multicol@leftmargin=\dimen269
\c@unbalance=\count337
\c@collectmore=\count338
\doublecol@number=\count339
\multicoltolerance=\count340
\multicolpretolerance=\count341
\full@width=\dimen270
\page@free=\dimen271
\premulticols=\dimen272
\postmulticols=\dimen273
\multicolsep=\skip61
\multicolbaselineskip=\skip62
\partial@page=\box93
\last@line=\box94
\mc@boxedresult=\box95
\maxbalancingoverflow=\dimen274
\mult@rightbox=\box96
\mult@grightbox=\box97
\mult@firstbox=\box98
\mult@gfirstbox=\box99
\@tempa=\box100
\@tempa=\box101
\@tempa=\box102
\@tempa=\box103
\@tempa=\box104
\@tempa=\box105
\@tempa=\box106
\@tempa=\box107
\@tempa=\box108
\@tempa=\box109
\@tempa=\box110
\@tempa=\box111
\@tempa=\box112
\@tempa=\box113
\@tempa=\box114
\@tempa=\box115
\@tempa=\box116
\@tempa=\box117
\@tempa=\box118
\@tempa=\box119
\@tempa=\box120
\@tempa=\box121
\@tempa=\box122
\@tempa=\box123
\@tempa=\box124
\@tempa=\box125
\@tempa=\box126
\@tempa=\box127
\@tempa=\box128
\@tempa=\box129
\@tempa=\box130
\@tempa=\box131
\@tempa=\box132
\@tempa=\box133
\@tempa=\box134
\@tempa=\box135
\c@minrows=\count342
\c@columnbadness=\count343
\c@finalcolumnbadness=\count344
\last@try=\dimen275
\multicolovershoot=\dimen276
\multicolundershoot=\dimen277
\mult@nat@firstbox=\box136
\colbreak@box=\box137
\mc@col@check@num=\count345
)
(/Users/riccardogiovannirosso/Library/Application Support/MiKTeX/texmfs/install
/tex/latex/multirow/multirow.sty
Package: multirow 2024/11/12 v2.9 Span multiple rows of a table
\multirow@colwidth=\skip63
\multirow@cntb=\count346
\multirow@dima=\skip64
\bigstrutjot=\dimen278
)
(/Users/riccardogiovannirosso/Library/Application Support/MiKTeX/texmfs/install
/tex/latex/hanging/hanging.sty
Package: hanging 2009/09/02 v1.2b hanging paragraphs and punctuation
\h@ngcommawd=\skip65
\h@ngfstopwd=\skip66
\h@ngquotewd=\skip67
\h@ngdquotewd=\skip68
\h@ngquerywd=\skip69
\h@ngexclwd=\skip70
\h@ngcolonwd=\skip71
\h@ngscolonwd=\skip72
)
(/Users/riccardogiovannirosso/Library/Application Support/MiKTeX/texmfs/install
/tex/generic/iftex/ifpdf.sty
Package: ifpdf 2019/10/25 v3.4 ifpdf legacy package. Use iftex instead.
)
(/Users/riccardogiovannirosso/Library/Application Support/MiKTeX/texmfs/install
/tex/latex/adjustbox/adjustbox.sty
Package: adjustbox 2025/02/26 v1.3c Adjusting TeX boxes (trim, clip, ...)

(/Users/riccardogiovannirosso/Library/Application Support/MiKTeX/texmfs/install
/tex/latex/xkeyval/xkeyval.sty
Package: xkeyval 2022/06/16 v2.9 package option processing (HA)

(/Users/riccardogiovannirosso/Library/Application Support/MiKTeX/texmfs/install
/tex/generic/xkeyval/xkeyval.tex
(/Users/riccardogiovannirosso/Library/Application Support/MiKTeX/texmfs/install
/tex/generic/xkeyval/xkvutils.tex
\XKV@toks=\toks26
\XKV@tempa@toks=\toks27
)
\XKV@depth=\count347
File: xkeyval.tex 2014/12/03 v2.7a key=value parser (HA)
))
(/Users/riccardogiovannirosso/Library/Application Support/MiKTeX/texmfs/install
/tex/latex/adjustbox/adjcalc.sty
Package: adjcalc 2012/05/16 v1.1 Provides advanced setlength with multiple back
-ends (calc, etex, pgfmath)
)
(/Users/riccardogiovannirosso/Library/Application Support/MiKTeX/texmfs/install
/tex/latex/adjustbox/trimclip.sty
Package: trimclip 2025/02/21 v1.2a Trim and clip general TeX material

(/Users/riccardogiovannirosso/Library/Application Support/MiKTeX/texmfs/install
/tex/latex/graphics/graphicx.sty
Package: graphicx 2021/09/16 v1.2d Enhanced LaTeX Graphics (DPC,SPQR)

(/Users/riccardogiovannirosso/Library/Application Support/MiKTeX/texmfs/install
/tex/latex/graphics/graphics.sty
Package: graphics 2024/08/06 v1.4g Standard LaTeX Graphics (DPC,SPQR)

(/Users/riccardogiovannirosso/Library/Application Support/MiKTeX/texmfs/install
/tex/latex/graphics/trig.sty
Package: trig 2023/12/02 v1.11 sin cos tan (DPC)
)
(/Users/riccardogiovannirosso/Library/Application Support/MiKTeX/texmfs/install
/tex/latex/graphics-cfg/graphics.cfg
File: graphics.cfg 2016/06/04 v1.11 sample graphics configuration
)
Package graphics Info: Driver file: pdftex.def on input line 106.
)
\Gin@req@height=\dimen279
\Gin@req@width=\dimen280
)
(/Users/riccardogiovannirosso/Library/Application Support/MiKTeX/texmfs/install
/tex/latex/collectbox/collectbox.sty
Package: collectbox 2022/10/17 v0.4c Collect macro arguments as boxes
\collectedbox=\box138
)
\tc@llx=\dimen281
\tc@lly=\dimen282
\tc@urx=\dimen283
\tc@ury=\dimen284
Package trimclip Info: Using driver 'tc-pdftex.def'.

(/Users/riccardogiovannirosso/Library/Application Support/MiKTeX/texmfs/install
/tex/latex/adjustbox/tc-pdftex.def
File: tc-pdftex.def 2025/02/26 v2.3 Clipping driver for pdftex
))
\adjbox@Width=\dimen285
\adjbox@Height=\dimen286
\adjbox@Depth=\dimen287
\adjbox@Totalheight=\dimen288
\adjbox@pwidth=\dimen289
\adjbox@pheight=\dimen290
\adjbox@pdepth=\dimen291
\adjbox@ptotalheight=\dimen292

(/Users/riccardogiovannirosso/Library/Application Support/MiKTeX/texmfs/install
/tex/latex/ifoddpage/ifoddpage.sty
Package: ifoddpage 2022/10/18 v1.2 Conditionals for odd/even page detection
\c@checkoddpage=\count348
))
(/Users/riccardogiovannirosso/Library/Application Support/MiKTeX/texmfs/install
/tex/latex/amsfonts/amssymb.sty
Package: amssymb 2013/01/14 v3.01 AMS font symbols

(/Users/riccardogiovannirosso/Library/Application Support/MiKTeX/texmfs/install
/tex/latex/amsfonts/amsfonts.sty
Package: amsfonts 2013/01/14 v3.01 Basic AMSFonts support
\@emptytoks=\toks28
\symAMSa=\mathgroup4
\symAMSb=\mathgroup5
LaTeX Font Info:    Redeclaring math symbol \hbar on input line 98.
LaTeX Font Info:    Overwriting math alphabet `\mathfrak' in version `bold'
(Font)                  U/euf/m/n --> U/euf/b/n on input line 106.
))
(/Users/riccardogiovannirosso/Library/Application Support/MiKTeX/texmfs/install
/tex/latex/stackengine/stackengine.sty
Package: stackengine 2021/07/22 v4.11\ Stacking text and objects in convenient 
ways

(/Users/riccardogiovannirosso/Library/Application Support/MiKTeX/texmfs/install
/tex/latex/listofitems/listofitems.sty
(/Users/riccardogiovannirosso/Library/Application Support/MiKTeX/texmfs/install
/tex/generic/listofitems/listofitems.tex
\loi_cnt_foreach_nest=\count349
\loi_nestcnt=\count350
)
Package: listofitems 2024/03/09 v1.65 Grab items in lists using user-specified 
sep char (CT)
)
\c@@stackindex=\count351
\@boxshift=\skip73
\stack@tmplength=\skip74
\temp@stkl=\skip75
\@stackedboxwidth=\skip76
\@addedbox=\box139
\@anchorbox=\box140
\@insetbox=\box141
\se@backgroundbox=\box142
\stackedbox=\box143
\@centerbox=\box144
\c@ROWcellindex@=\count352
)
(/Users/riccardogiovannirosso/Library/Application Support/MiKTeX/texmfs/install
/tex/latex/enumitem/enumitem.sty
Package: enumitem 2025/02/06 v3.11 Customized lists
\labelindent=\skip77
\enit@outerparindent=\dimen293
\enit@toks=\toks29
\enit@inbox=\box145
\enit@count@id=\count353
\enitdp@description=\count354
)
(/Users/riccardogiovannirosso/Library/Application Support/MiKTeX/texmfs/install
/tex/generic/alphalph/alphalph.sty
Package: alphalph 2019/12/09 v2.6 Convert numbers to letters (HO)

(/Users/riccardogiovannirosso/Library/Application Support/MiKTeX/texmfs/install
/tex/generic/intcalc/intcalc.sty
Package: intcalc 2019/12/15 v1.3 Expandable calculations with integers (HO)
))
(/Users/riccardogiovannirosso/Library/Application Support/MiKTeX/texmfs/install
/tex/latex/ulem/ulem.sty
\UL@box=\box146
\UL@hyphenbox=\box147
\UL@skip=\skip78
\UL@hook=\toks30
\UL@height=\dimen294
\UL@pe=\count355
\UL@pixel=\dimen295
\ULC@box=\box148
Package: ulem 2019/11/18
\ULdepth=\dimen296
)
\xrefbox=\box149
\xreflength=\skip79
\CodeWidthChar=\skip80
\CodeHeightChar=\skip81
\DoxyCodeWidth=\skip82
\c@DoxyEnumeratei=\count356
\c@DoxyEnumerateii=\count357
\c@DoxyEnumerateiii=\count358
\c@DoxyEnumerateiv=\count359
\c@DoxyEnumeratev=\count360
\c@DoxyEnumeratevi=\count361
\c@DoxyEnumeratevii=\count362
\c@DoxyEnumerateviii=\count363
\c@DoxyEnumerateix=\count364
\c@DoxyEnumeratex=\count365
\c@DoxyEnumeratexi=\count366
\c@DoxyEnumeratexii=\count367
\enitdp@DoxyEnumerate=\count368
\enitdp@DoxyItemize=\count369
\c@subsubsubsection=\count370
\c@subsubsubsubsection=\count371
\c@subsubsubsubsubsection=\count372
\c@subsubsubsubsubsubsection=\count373
)
(/Users/riccardogiovannirosso/Library/Application Support/MiKTeX/texmfs/install
/tex/latex/base/inputenc.sty
Package: inputenc 2024/02/08 v1.3d Input encoding file
\inpenc@prehook=\toks31
\inpenc@posthook=\toks32
)
(/Users/riccardogiovannirosso/Library/Application Support/MiKTeX/texmfs/install
/tex/latex/base/makeidx.sty
Package: makeidx 2021/10/04 v1.0m Standard LaTeX package
)
(/Users/riccardogiovannirosso/Library/Application Support/MiKTeX/texmfs/install
/tex/latex/base/textcomp.sty
Package: textcomp 2024/04/24 v2.1b Standard LaTeX package
)
(/Users/riccardogiovannirosso/Library/Application Support/MiKTeX/texmfs/install
/tex/latex/wasysym/wasysym.sty
Package: wasysym 2020/01/19 v2.4 Wasy-2 symbol support package
\symwasy=\mathgroup6
LaTeX Font Info:    Overwriting symbol font `wasy' in version `bold'
(Font)                  U/wasy/m/n --> U/wasy/b/n on input line 93.
)
(/Users/riccardogiovannirosso/Library/Application Support/MiKTeX/texmfs/install
/tex/generic/iftex/ifxetex.sty
Package: ifxetex 2019/10/25 v0.7 ifxetex legacy package. Use iftex instead.
)
(/Users/riccardogiovannirosso/Library/Application Support/MiKTeX/texmfs/install
/tex/latex/base/fontenc.sty
Package: fontenc 2021/04/29 v2.0v Standard LaTeX package
)
(/Users/riccardogiovannirosso/Library/Application Support/MiKTeX/texmfs/install
/tex/latex/psnfss/helvet.sty
Package: helvet 2020/03/25 PSNFSS-v9.3 (WaS) 
)
(/Users/riccardogiovannirosso/Library/Application Support/MiKTeX/texmfs/install
/tex/latex/psnfss/courier.sty
Package: courier 2020/03/25 PSNFSS-v9.3 (WaS) 
)
(/Users/riccardogiovannirosso/Library/Application Support/MiKTeX/texmfs/install
/tex/latex/geometry/geometry.sty
Package: geometry 2020/01/02 v5.9 Page Geometry

(/Users/riccardogiovannirosso/Library/Application Support/MiKTeX/texmfs/install
/tex/generic/iftex/ifvtex.sty
Package: ifvtex 2019/10/25 v1.7 ifvtex legacy package. Use iftex instead.
)
\Gm@cnth=\count374
\Gm@cntv=\count375
\c@Gm@tempcnt=\count376
\Gm@bindingoffset=\dimen297
\Gm@wd@mp=\dimen298
\Gm@odd@mp=\dimen299
\Gm@even@mp=\dimen300
\Gm@layoutwidth=\dimen301
\Gm@layoutheight=\dimen302
\Gm@layouthoffset=\dimen303
\Gm@layoutvoffset=\dimen304
\Gm@dimlist=\toks33

(/Users/riccardogiovannirosso/Library/Application Support/MiKTeX/texmfs/install
/tex/latex/geometry/geometry.cfg))
(/Users/riccardogiovannirosso/Library/Application Support/MiKTeX/texmfs/install
/tex/latex/changepage/changepage.sty
Package: changepage 2009/10/20 v1.0c check page and change page layout
\c@cp@cntr=\count377
\cp@tempcnt=\count378
LaTeX Info: Redefining \checkoddpage on input line 59.
)
(/Users/riccardogiovannirosso/Library/Application Support/MiKTeX/texmfs/install
/tex/latex/fancyhdr/fancyhdr.sty
Package: fancyhdr 2025/02/07 v5.2 Extensive control of page headers and footers

\f@nch@headwidth=\skip83
\f@nch@offset@elh=\skip84
\f@nch@offset@erh=\skip85
\f@nch@offset@olh=\skip86
\f@nch@offset@orh=\skip87
\f@nch@offset@elf=\skip88
\f@nch@offset@erf=\skip89
\f@nch@offset@olf=\skip90
\f@nch@offset@orf=\skip91
\f@nch@height=\skip92
\f@nch@footalignment=\skip93
\f@nch@widthL=\skip94
\f@nch@widthC=\skip95
\f@nch@widthR=\skip96
\@temptokenb=\toks34
)
(/Users/riccardogiovannirosso/Library/Application Support/MiKTeX/texmfs/install
/tex/latex/natbib/natbib.sty
Package: natbib 2010/09/13 8.31b (PWD, AO)
\bibhang=\skip97
\bibsep=\skip98
LaTeX Info: Redefining \cite on input line 694.
\c@NAT@ctr=\count379
)
(/Users/riccardogiovannirosso/Library/Application Support/MiKTeX/texmfs/install
/tex/latex/tocloft/tocloft.sty
Package: tocloft 2017/08/31 v2.3i parameterised ToC, etc., typesetting
Package tocloft Info: The document has chapter divisions on input line 51.
\cftparskip=\skip99
\cftbeforetoctitleskip=\skip100
\cftaftertoctitleskip=\skip101
\cftbeforepartskip=\skip102
\cftpartnumwidth=\skip103
\cftpartindent=\skip104
\cftbeforechapskip=\skip105
\cftchapindent=\skip106
\cftchapnumwidth=\skip107
\cftbeforesecskip=\skip108
\cftsecindent=\skip109
\cftsecnumwidth=\skip110
\cftbeforesubsecskip=\skip111
\cftsubsecindent=\skip112
\cftsubsecnumwidth=\skip113
\cftbeforesubsubsecskip=\skip114
\cftsubsubsecindent=\skip115
\cftsubsubsecnumwidth=\skip116
\cftbeforeparaskip=\skip117
\cftparaindent=\skip118
\cftparanumwidth=\skip119
\cftbeforesubparaskip=\skip120
\cftsubparaindent=\skip121
\cftsubparanumwidth=\skip122
\cftbeforeloftitleskip=\skip123
\cftafterloftitleskip=\skip124
\cftbeforefigskip=\skip125
\cftfigindent=\skip126
\cftfignumwidth=\skip127
\c@lofdepth=\count380
\c@lotdepth=\count381
\cftbeforelottitleskip=\skip128
\cftafterlottitleskip=\skip129
\cftbeforetabskip=\skip130
\cfttabindent=\skip131
\cfttabnumwidth=\skip132
)
\@indexfile=\write4
\openout4 = `refman.idx'.


Writing index file refman.idx

(/Users/riccardogiovannirosso/Library/Application Support/MiKTeX/texmfs/install
/tex/latex/newunicodechar/newunicodechar.sty
Package: newunicodechar 2018/04/08 v1.2 Defining Unicode characters
)
(/Users/riccardogiovannirosso/Library/Application Support/MiKTeX/texmfs/install
/tex/latex/hyperref/hyperref.sty
Package: hyperref 2024-11-05 v7.01l Hypertext links for LaTeX

(/Users/riccardogiovannirosso/Library/Application Support/MiKTeX/texmfs/install
/tex/latex/kvsetkeys/kvsetkeys.sty
Package: kvsetkeys 2022-10-05 v1.19 Key value parser (HO)
)
(/Users/riccardogiovannirosso/Library/Application Support/MiKTeX/texmfs/install
/tex/generic/kvdefinekeys/kvdefinekeys.sty
Package: kvdefinekeys 2019-12-19 v1.6 Define keys (HO)
)
(/Users/riccardogiovannirosso/Library/Application Support/MiKTeX/texmfs/install
/tex/generic/pdfescape/pdfescape.sty
Package: pdfescape 2019/12/09 v1.15 Implements pdfTeX's escape features (HO)

(/Users/riccardogiovannirosso/Library/Application Support/MiKTeX/texmfs/install
/tex/generic/ltxcmds/ltxcmds.sty
Package: ltxcmds 2023-12-04 v1.26 LaTeX kernel commands for general use (HO)
)
(/Users/riccardogiovannirosso/Library/Application Support/MiKTeX/texmfs/install
/tex/generic/pdftexcmds/pdftexcmds.sty
Package: pdftexcmds 2020-06-27 v0.33 Utility functions of pdfTeX for LuaTeX (HO
)
Package pdftexcmds Info: \pdf@primitive is available.
Package pdftexcmds Info: \pdf@ifprimitive is available.
Package pdftexcmds Info: \pdfdraftmode found.
))
(/Users/riccardogiovannirosso/Library/Application Support/MiKTeX/texmfs/install
/tex/latex/hycolor/hycolor.sty
Package: hycolor 2020-01-27 v1.10 Color options for hyperref/bookmark (HO)
)
(/Users/riccardogiovannirosso/Library/Application Support/MiKTeX/texmfs/install
/tex/latex/hyperref/nameref.sty
Package: nameref 2023-11-26 v2.56 Cross-referencing by name of section

(/Users/riccardogiovannirosso/Library/Application Support/MiKTeX/texmfs/install
/tex/latex/refcount/refcount.sty
Package: refcount 2019/12/15 v3.6 Data extraction from label references (HO)
)
(/Users/riccardogiovannirosso/Library/Application Support/MiKTeX/texmfs/install
/tex/generic/gettitlestring/gettitlestring.sty
Package: gettitlestring 2019/12/15 v1.6 Cleanup title references (HO)

(/Users/riccardogiovannirosso/Library/Application Support/MiKTeX/texmfs/install
/tex/latex/kvoptions/kvoptions.sty
Package: kvoptions 2022-06-15 v3.15 Key value format for package options (HO)
))
\c@section@level=\count382
)
(/Users/riccardogiovannirosso/Library/Application Support/MiKTeX/texmfs/install
/tex/generic/stringenc/stringenc.sty
Package: stringenc 2019/11/29 v1.12 Convert strings between diff. encodings (HO
)
)
\@linkdim=\dimen305
\Hy@linkcounter=\count383
\Hy@pagecounter=\count384

(/Users/riccardogiovannirosso/Library/Application Support/MiKTeX/texmfs/install
/tex/latex/hyperref/pd1enc.def
File: pd1enc.def 2024-11-05 v7.01l Hyperref: PDFDocEncoding definition (HO)
Now handling font encoding PD1 ...
... no UTF-8 mapping file for font encoding PD1
)
\Hy@SavedSpaceFactor=\count385

(/Users/riccardogiovannirosso/Library/Application Support/MiKTeX/texmfs/install
/tex/latex/hyperref/puenc.def
File: puenc.def 2024-11-05 v7.01l Hyperref: PDF Unicode definition (HO)
Now handling font encoding PU ...
... no UTF-8 mapping file for font encoding PU
)
Package hyperref Info: Hyper figures OFF on input line 4157.
Package hyperref Info: Link nesting OFF on input line 4162.
Package hyperref Info: Hyper index ON on input line 4165.
Package hyperref Info: Plain pages OFF on input line 4172.
Package hyperref Info: Backreferencing ON on input line 4175.
Package hyperref Info: Implicit mode ON; LaTeX internals redefined.
Package hyperref Info: Bookmarks ON on input line 4424.

(/Users/riccardogiovannirosso/Library/Application Support/MiKTeX/texmfs/install
/tex/latex/hyperref/backref.sty
Package: backref 2023-11-26 v1.44 Bibliographical back referencing

(/Users/riccardogiovannirosso/Library/Application Support/MiKTeX/texmfs/install
/tex/latex/rerunfilecheck/rerunfilecheck.sty
Package: rerunfilecheck 2022-07-10 v1.10 Rerun checks for auxiliary files (HO)

(/Users/riccardogiovannirosso/Library/Application Support/MiKTeX/texmfs/install
/tex/latex/base/atveryend-ltx.sty
Package: atveryend-ltx 2020/08/19 v1.0a Emulation of the original atveryend pac
kage
with kernel methods
)
(/Users/riccardogiovannirosso/Library/Application Support/MiKTeX/texmfs/install
/tex/generic/uniquecounter/uniquecounter.sty
Package: uniquecounter 2019/12/15 v1.4 Provide unlimited unique counter (HO)

(/Users/riccardogiovannirosso/Library/Application Support/MiKTeX/texmfs/install
/tex/generic/bigintcalc/bigintcalc.sty
Package: bigintcalc 2019/12/15 v1.5 Expandable calculations on big integers (HO
)
))
Package uniquecounter Info: New unique counter `rerunfilecheck' on input line 2
85.
))
\c@Hy@tempcnt=\count386

(/Users/riccardogiovannirosso/Library/Application Support/MiKTeX/texmfs/install
/tex/latex/url/url.sty
\Urlmuskip=\muskip17
Package: url 2013/09/16  ver 3.4  Verb mode for urls, etc.
)
LaTeX Info: Redefining \url on input line 4763.
\XeTeXLinkMargin=\dimen306

(/Users/riccardogiovannirosso/Library/Application Support/MiKTeX/texmfs/install
/tex/generic/bitset/bitset.sty
Package: bitset 2019/12/09 v1.3 Handle bit-vector datatype (HO)
)
\Fld@menulength=\count387
\Field@Width=\dimen307
\Fld@charsize=\dimen308
Package hyperref Info: Hyper figures OFF on input line 6042.
Package hyperref Info: Link nesting OFF on input line 6047.
Package hyperref Info: Hyper index ON on input line 6050.
Package hyperref Info: backreferencing ON on input line 6055.
Package hyperref Info: Link coloring OFF on input line 6062.
Package hyperref Info: Link coloring with OCG OFF on input line 6067.
Package hyperref Info: PDF/A mode OFF on input line 6072.

(/Users/riccardogiovannirosso/Library/Application Support/MiKTeX/texmfs/install
/tex/latex/base/atbegshi-ltx.sty
Package: atbegshi-ltx 2021/01/10 v1.0c Emulation of the original atbegshi
package with kernel methods
)
\Hy@abspage=\count388
\c@Item=\count389
\c@Hfootnote=\count390
)
Package hyperref Info: Driver: hpdftex.

(/Users/riccardogiovannirosso/Library/Application Support/MiKTeX/texmfs/install
/tex/latex/hyperref/hpdftex.def
File: hpdftex.def 2024-11-05 v7.01l Hyperref driver for pdfTeX
\Fld@listcount=\count391
\c@bookmark@seq@number=\count392
\Hy@SectionHShift=\skip133
)
Package hyperref Info: Option `colorlinks' set `true' on input line 179.
Package hyperref Info: Option `unicode' set `true' on input line 179.

(/Users/riccardogiovannirosso/Library/Application Support/MiKTeX/texmfs/install
/tex/latex/caption/caption.sty
Package: caption 2023/08/05 v3.6o Customizing captions (AR)

(/Users/riccardogiovannirosso/Library/Application Support/MiKTeX/texmfs/install
/tex/latex/caption/caption3.sty
Package: caption3 2023/07/31 v2.4d caption3 kernel (AR)
\caption@tempdima=\dimen309
\captionmargin=\dimen310
\caption@leftmargin=\dimen311
\caption@rightmargin=\dimen312
\caption@width=\dimen313
\caption@indent=\dimen314
\caption@parindent=\dimen315
\caption@hangindent=\dimen316
Package caption Info: Standard document class detected.
)
\c@caption@flags=\count393
\c@continuedfloat=\count394
Package caption Info: changepage package is loaded.
\caption@adjustwidth@hsize=\dimen317
\caption@adjustwidth@linewidth=\dimen318
Package caption Info: float package is loaded.
Package caption Info: hyperref package is loaded.
Package caption Info: longtable package is loaded.

(/Users/riccardogiovannirosso/Library/Application Support/MiKTeX/texmfs/install
/tex/latex/caption/ltcaption.sty
Package: ltcaption 2021/01/08 v1.4c longtable captions (AR)
))
(/Users/riccardogiovannirosso/Library/Application Support/MiKTeX/texmfs/install
/tex/latex/etoc/etoc.sty
Package: etoc 2023/10/29 v1.2d Completely customisable TOCs (JFB)
\Etoc@toctoks=\toks35
\c@etoc@tocid=\count395
\etoc@framed@titlebox=\box150
\etoc@framed@contentsbox=\box151
)
LaTeX Font Info:    Trying to load font information for T1+phv on input line 20
1.

(/Users/riccardogiovannirosso/Library/Application Support/MiKTeX/texmfs/install
/tex/latex/psnfss/t1phv.fd
File: t1phv.fd 2020/03/25 scalable font definitions for T1/phv.
)
LaTeX Font Info:    Font shape `T1/phv/m/n' will be
(Font)              scaled to size 8.99994pt on input line 201.
 (refman.aux

LaTeX Warning: Label `doc-constructors' multiply defined.


LaTeX Warning: Label `doc-constructors' multiply defined.

)
\openout1 = `refman.aux'.

LaTeX Font Info:    Checking defaults for OML/cmm/m/it on input line 201.
LaTeX Font Info:    ... okay on input line 201.
LaTeX Font Info:    Checking defaults for OMS/cmsy/m/n on input line 201.
LaTeX Font Info:    ... okay on input line 201.
LaTeX Font Info:    Checking defaults for OT1/cmr/m/n on input line 201.
LaTeX Font Info:    ... okay on input line 201.
LaTeX Font Info:    Checking defaults for T1/cmr/m/n on input line 201.
LaTeX Font Info:    ... okay on input line 201.
LaTeX Font Info:    Checking defaults for TS1/cmr/m/n on input line 201.
LaTeX Font Info:    ... okay on input line 201.
LaTeX Font Info:    Checking defaults for OMX/cmex/m/n on input line 201.
LaTeX Font Info:    ... okay on input line 201.
LaTeX Font Info:    Checking defaults for U/cmr/m/n on input line 201.
LaTeX Font Info:    ... okay on input line 201.
LaTeX Font Info:    Checking defaults for PD1/pdf/m/n on input line 201.
LaTeX Font Info:    ... okay on input line 201.
LaTeX Font Info:    Checking defaults for PU/pdf/m/n on input line 201.
LaTeX Font Info:    ... okay on input line 201.

(/Users/riccardogiovannirosso/Library/Application Support/MiKTeX/texmfs/install
/tex/context/base/mkii/supp-pdf.mkii
[Loading MPS to PDF converter (version 2006.09.02).]
\scratchcounter=\count396
\scratchdimen=\dimen319
\scratchbox=\box152
\nofMPsegments=\count397
\nofMParguments=\count398
\everyMPshowfont=\toks36
\MPscratchCnt=\count399
\MPscratchDim=\dimen320
\MPnumerator=\count400
\makeMPintoPDFobject=\count401
\everyMPtoPDFconversion=\toks37
)
(/Users/riccardogiovannirosso/Library/Application Support/MiKTeX/texmfs/install
/tex/latex/epstopdf-pkg/epstopdf-base.sty
Package: epstopdf-base 2020-01-24 v2.11 Base part for package epstopdf
Package epstopdf-base Info: Redefining graphics rule for `.eps' on input line 4
85.

(/Users/riccardogiovannirosso/Library/Application Support/MiKTeX/texmfs/install
/tex/latex/00miktex/epstopdf-sys.cfg
File: epstopdf-sys.cfg 2021/03/18 v2.0 Configuration of epstopdf for MiKTeX
))
*geometry* driver: auto-detecting
*geometry* detected driver: pdftex
*geometry* verbose mode - [ preamble ] result:
* driver: pdftex
* paper: a4paper
* layout: <same size as paper>
* layoutoffset:(h,v)=(0.0pt,0.0pt)
* modes: twoside 
* h-part:(L,W,R)=(71.13188pt, 455.24411pt, 71.13188pt)
* v-part:(T,H,B)=(71.13188pt, 702.78308pt, 71.13188pt)
* \paperwidth=597.50787pt
* \paperheight=845.04684pt
* \textwidth=455.24411pt
* \textheight=702.78308pt
* \oddsidemargin=-1.1381pt
* \evensidemargin=-1.1381pt
* \topmargin=-31.2056pt
* \headheight=12.0pt
* \headsep=18.06749pt
* \topskip=10.0pt
* \footskip=25.29494pt
* \marginparwidth=125.0pt
* \marginparsep=7.0pt
* \columnsep=10.0pt
* \skip\footins=9.0pt plus 4.0pt minus 2.0pt
* \hoffset=0.0pt
* \voffset=0.0pt
* \mag=1000
* \@twocolumnfalse
* \@twosidetrue
* \@mparswitchtrue
* \@reversemarginfalse
* (1in=72.27pt=25.4mm, 1cm=28.453pt)

Package backref Info: ** backref set up for natbib ** on input line 201.
Package hyperref Info: Link coloring ON on input line 201.
(refman.out) (refman.out)
\@outlinefile=\write5
\openout5 = `refman.out'.

Package caption Info: Begin \AtBeginDocument code.
Package caption Info: End \AtBeginDocument code.
\Etoc@tf=\read4
Package hyperref Info: Option `pageanchor' set `false' on input line 209.
Package hyperref Info: Option `bookmarksnumbered' set `true' on input line 209.

Package hyperref Info: Option `unicode' set `true' on input line 209.
LaTeX Font Info:    Font shape `T1/phv/m/n' will be
(Font)              scaled to size 12.9599pt on input line 214.
LaTeX Font Info:    Font shape `T1/phv/m/n' will be
(Font)              scaled to size 6.29996pt on input line 214.
LaTeX Font Info:    Trying to load font information for U+msa on input line 214
.

(/Users/riccardogiovannirosso/Library/Application Support/MiKTeX/texmfs/install
/tex/latex/amsfonts/umsa.fd
File: umsa.fd 2013/01/14 v3.01 AMS symbols A
)
LaTeX Font Info:    Trying to load font information for U+msb on input line 214
.

(/Users/riccardogiovannirosso/Library/Application Support/MiKTeX/texmfs/install
/tex/latex/amsfonts/umsb.fd
File: umsb.fd 2013/01/14 v3.01 AMS symbols B
)
LaTeX Font Info:    Trying to load font information for U+wasy on input line 21
4.

(/Users/riccardogiovannirosso/Library/Application Support/MiKTeX/texmfs/install
/tex/latex/wasysym/uwasy.fd
File: uwasy.fd 2020/01/19 v2.4 Wasy-2 symbol font definitions
)
LaTeX Font Info:    Font shape `T1/phv/m/n' will be
(Font)              scaled to size 10.79993pt on input line 216.


[1


{/Users/riccardogiovannirosso/Library/Application Support/MiKTeX/texmfs/data/fo
nts/map/pdftex/pdftex.map}]

[2

]
\tf@toc=\write6
\openout6 = `refman.toc'.

LaTeX Font Info:    Font shape `T1/phv/b/n' will be
(Font)              scaled to size 8.99994pt on input line 222.


LaTeX Font Info:    Font shape `T1/phv/b/n' will be
(Font)              scaled to size 6.29996pt on input line 222.
[1]

[2

]
Package hyperref Info: Option `pageanchor' set `true' on input line 225.

Chapter 1.
LaTeX Font Info:    Font shape `T1/phv/m/n' will be
(Font)              scaled to size 18.66588pt on input line 227.
LaTeX Font Info:    Font shape `T1/phv/b/n' will be
(Font)              scaled to size 18.66588pt on input line 227.
LaTeX Font Info:    Font shape `T1/phv/b/n' will be
(Font)              scaled to size 22.39185pt on input line 227.
(annotated.tex
LaTeX Font Info:    Font shape `T1/phv/b/n' will be
(Font)              scaled to size 12.9599pt on input line 1.
)

[1

]

[2

]
Chapter 2.
(files.tex)

[3]

[4

]
Chapter 3.
(structms_1_1_event.tex
LaTeX Font Info:    Trying to load font information for T1+pcr on input line 10
.

(/Users/riccardogiovannirosso/Library/Application Support/MiKTeX/texmfs/install
/tex/latex/psnfss/t1pcr.fd
File: t1pcr.fd 2001/06/04 font definitions for T1/pcr.
)
LaTeX Font Info:    Trying to load font information for TS1+phv on input line 1
5.

(/Users/riccardogiovannirosso/Library/Application Support/MiKTeX/texmfs/install
/tex/latex/psnfss/ts1phv.fd
File: ts1phv.fd 2020/03/25 scalable font definitions for TS1/phv.
)
LaTeX Font Info:    Font shape `TS1/phv/m/n' will be
(Font)              scaled to size 8.99994pt on input line 15.
LaTeX Font Info:    Font shape `T1/phv/m/n' will be
(Font)              scaled to size 8.09995pt on input line 16.
LaTeX Font Info:    Font shape `T1/phv/m/it' in size <9> not available
(Font)              Font shape `T1/phv/m/sl' tried instead on input line 16.
LaTeX Font Info:    Font shape `T1/phv/m/sl' will be
(Font)              scaled to size 8.09995pt on input line 16.
LaTeX Font Info:    Font shape `T1/phv/b/n' will be
(Font)              scaled to size 10.79993pt on input line 31.
LaTeX Font Info:    Font shape `T1/phv/m/n' will be
(Font)              scaled to size 7.19995pt on input line 42.
LaTeX Font Info:    Font shape `T1/pcr/m/it' in size <8> not available
(Font)              Font shape `T1/pcr/m/sl' tried instead on input line 43.
LaTeX Font Info:    Font shape `T1/pcr/m/it' in size <7> not available
(Font)              Font shape `T1/pcr/m/sl' tried instead on input line 43.
LaTeX Font Info:    Font shape `T1/phv/m/it' in size <10> not available
(Font)              Font shape `T1/phv/m/sl' tried instead on input line 57.
LaTeX Font Info:    Font shape `T1/phv/m/sl' will be
(Font)              scaled to size 8.99994pt on input line 57.
LaTeX Font Info:    Font shape `T1/phv/m/it' in size <7> not available
(Font)              Font shape `T1/phv/m/sl' tried instead on input line 57.
LaTeX Font Info:    Font shape `T1/phv/m/sl' will be
(Font)              scaled to size 6.29996pt on input line 57.


[5]) (classms_1_1_node.tex
LaTeX Font Info:    Font shape `T1/phv/bc/n' will be
(Font)              scaled to size 8.99994pt on input line 49.

Underfull \hbox (badness 10000) detected at line 49
[][][]
 []



[6]
Underfull \hbox (badness 10000) detected at line 62
[][][]
 []

) (structms_1_1_param.tex) (structms_1_1_port.tex

[7])

[8]
Chapter 4.
(_node_8hpp_source.tex) (_port_8hpp_source.tex)

[9

]

[10] (refman.ind
LaTeX Font Info:    Font shape `T1/phv/m/n' will be
(Font)              scaled to size 22.39185pt on input line 1.




[11




]) (refman.aux)
 ***********
LaTeX2e <2024-11-01> patch level 2
L3 programming layer <2025-04-14>
 ***********


LaTeX Warning: There were multiply-defined labels.

Package rerunfilecheck Info: File `refman.out' has not changed.
(rerunfilecheck)             Checksum: 73E64134128DE04BCBAB98B6DEC6CBC6;4622.
 ) 
Here is how much of TeX's memory you used:
 20380 strings out of 471882
 368303 string characters out of 2517821
 767804 words of memory out of 3000000
 46521 multiletter control sequences out of 15000+600000
 681169 words of font info for 107 fonts, out of 8000000 for 9000
 0 hyphenation exceptions out of 8191
 103i,15n,117p,1505b,1093s stack positions out of 5000i,500n,10000p,200000b,80000s
{/Users/riccardogiovannirosso/Library/Application Support/MiKTeX/texmfs/insta
ll/fonts/enc/dvips/base/8r.enc}</Users/riccardogiovannirosso/Library/Applicatio
n Support/MiKTeX/texmfs/install/fonts/type1/public/amsfonts/cm/cmmi10.pfb></Use
rs/riccardogiovannirosso/Library/Application Support/MiKTeX/texmfs/install/font
s/type1/public/amsfonts/cm/cmmi8.pfb></Users/riccardogiovannirosso/Library/Appl
ication Support/MiKTeX/texmfs/install/fonts/type1/urw/courier/ucrr8a.pfb></User
s/riccardogiovannirosso/Library/Application Support/MiKTeX/texmfs/install/fonts
/type1/urw/courier/ucrro8a.pfb></Users/riccardogiovannirosso/Library/Applicatio
n Support/MiKTeX/texmfs/install/fonts/type1/urw/helvetic/uhvb8a.pfb></Users/ric
cardogiovannirosso/Library/Application Support/MiKTeX/texmfs/install/fonts/type
1/urw/helvetic/uhvb8ac.pfb></Users/riccardogiovannirosso/Library/Application Su
pport/MiKTeX/texmfs/install/fonts/type1/urw/helvetic/uhvr8a.pfb></Users/riccard
ogiovannirosso/Library/Application Support/MiKTeX/texmfs/install/fonts/type1/ur
w/helvetic/uhvro8a.pfb>
Output written on refman.pdf (15 pages, 139866 bytes).
PDF statistics:
 374 PDF objects out of 1000 (max. 8388607)
 72 named destinations out of 1000 (max. 500000)
 209 words of extra memory for PDF output out of 10000 (max. 10000000)

